This is pdfTeX, Version 3.141592653-2.6-1.40.25 (TeX Live 2023) (preloaded format=pdflatex 2023.3.22)  17 JAN 2025 12:39
entering extended mode
 restricted \write18 enabled.
 file:line:error style messages enabled.
 %&-line parsing enabled.
**"c:/Lecture/3Q4/情報工学実験C/net/report/rep copy.tex"
(c:/Lecture/3Q4/情報工学実験C/net/report/rep copy.tex
LaTeX2e <2022-11-01> patch level 1
L3 programming layer <2023-02-22> (c:/texlive/2023/texmf-dist/tex/latex/bxjscls/bxjsarticle.cls
Document Class: bxjsarticle 2022/04/10 v2.7a BXJS document classes
(c:/texlive/2023/texmf-dist/tex/latex/tools/calc.sty
Package: calc 2017/05/25 v4.3 Infix arithmetic (KKT,FJ)
\calc@Acount=\count185
\calc@Bcount=\count186
\calc@Adimen=\dimen140
\calc@Bdimen=\dimen141
\calc@Askip=\skip48
\calc@Bskip=\skip49
LaTeX Info: Redefining \setlength on input line 80.
LaTeX Info: Redefining \addtolength on input line 81.
\calc@Ccount=\count187
\calc@Cskip=\skip50
) (c:/texlive/2023/texmf-dist/tex/latex/graphics/keyval.sty
Package: keyval 2022/05/29 v1.15 key=value parser (DPC)
\KV@toks@=\toks16
) (c:/texlive/2023/texmf-dist/tex/latex/bxjscls/bxjscompat.sty
Package: bxjscompat 2022/04/10 v2.7a BXJS document classes
) (c:/texlive/2023/texmf-dist/tex/generic/iftex/ifpdf.sty
Package: ifpdf 2019/10/25 v3.4 ifpdf legacy package. Use iftex instead.
 (c:/texlive/2023/texmf-dist/tex/generic/iftex/iftex.sty
Package: iftex 2022/02/03 v1.0f TeX engine tests
))
\stockwidth=\dimen142
\stockheight=\dimen143
\jsc@mpt=\dimen144
\jsc@mmm=\dimen145
\jsZw=\dimen146
\jsc@smallskipamount=\skip51
\Cht=\dimen147
\Cdp=\dimen148
\Cwd=\dimen149
\Cvs=\dimen150
\Chs=\dimen151
\fullwidth=\dimen152
 (c:/texlive/2023/texmf-dist/tex/latex/geometry/geometry.sty
Package: geometry 2020/01/02 v5.9 Page Geometry
 (c:/texlive/2023/texmf-dist/tex/generic/iftex/ifvtex.sty
Package: ifvtex 2019/10/25 v1.7 ifvtex legacy package. Use iftex instead.
)
\Gm@cnth=\count188
\Gm@cntv=\count189
\c@Gm@tempcnt=\count190
\Gm@bindingoffset=\dimen153
\Gm@wd@mp=\dimen154
\Gm@odd@mp=\dimen155
\Gm@even@mp=\dimen156
\Gm@layoutwidth=\dimen157
\Gm@layoutheight=\dimen158
\Gm@layouthoffset=\dimen159
\Gm@layoutvoffset=\dimen160
\Gm@dimlist=\toks17
)
\c@part=\count191
\c@section=\count192
\c@subsection=\count193
\c@subsubsection=\count194
\c@paragraph=\count195
\c@subparagraph=\count196
\@abstractbox=\box51
\c@figure=\count197
\c@table=\count198
\abovecaptionskip=\skip52
\belowcaptionskip=\skip53
\jsc@tocl@width=\dimen161
\@lnumwidth=\dimen162
\bibindent=\dimen163
 (c:/texlive/2023/texmf-dist/tex/latex/bxwareki/bxwareki.sty
Package: bxwareki 2019/06/01 v0.6
\c@warekiyear=\count199
 (c:/texlive/2023/texmf-dist/tex/latex/bxwareki/bxwareki-cd.def
File: bxwareki-cd.def 2019/06/01 v0.6
)) (c:/texlive/2023/texmf-dist/tex/latex/bxjscls/bxjsja-standard.def
File: bxjsja-standard.def 2022/04/10 v2.7a BXJS document classes
 (c:/texlive/2023/texmf-dist/tex/latex/bxjscls/bxjsja-minimal.def
File: bxjsja-minimal.def 2022/04/10 v2.7a BXJS document classes
\everypar=\toks18
) (c:/texlive/2023/texmf-dist/tex/latex/bxcjkjatype/bxcjkjatype.sty
Package: bxcjkjatype 2016/10/15 v0.3
Package bxcjkjatype Info: Driver auto-detected: pdftex on input line 144.
 (c:/texlive/2023/texmf-dist/tex/latex/cjk/texinput/CJK.sty
Package: CJK 2021/10/16 4.8.5
 (c:/texlive/2023/texmf-dist/tex/latex/cjk/texinput/mule/MULEenc.sty
Package: MULEenc 2021/10/16 4.8.5
) (c:/texlive/2023/texmf-dist/tex/latex/cjk/texinput/CJK.enc
File: CJK.enc 2021/10/16 4.8.5
Now handling font encoding C00 ...
... no UTF-8 mapping file for font encoding C00
Now handling font encoding C05 ...
... no UTF-8 mapping file for font encoding C05
Now handling font encoding C09 ...
... no UTF-8 mapping file for font encoding C09
Now handling font encoding C10 ...
... no UTF-8 mapping file for font encoding C10
Now handling font encoding C20 ...
... no UTF-8 mapping file for font encoding C20
Now handling font encoding C19 ...
... no UTF-8 mapping file for font encoding C19
Now handling font encoding C40 ...
... no UTF-8 mapping file for font encoding C40
Now handling font encoding C42 ...
... no UTF-8 mapping file for font encoding C42
Now handling font encoding C43 ...
... no UTF-8 mapping file for font encoding C43
Now handling font encoding C50 ...
... no UTF-8 mapping file for font encoding C50
Now handling font encoding C52 ...
... no UTF-8 mapping file for font encoding C52
Now handling font encoding C49 ...
... no UTF-8 mapping file for font encoding C49
Now handling font encoding C60 ...
... no UTF-8 mapping file for font encoding C60
Now handling font encoding C61 ...
... no UTF-8 mapping file for font encoding C61
Now handling font encoding C63 ...
... no UTF-8 mapping file for font encoding C63
Now handling font encoding C64 ...
... no UTF-8 mapping file for font encoding C64
Now handling font encoding C65 ...
... no UTF-8 mapping file for font encoding C65
Now handling font encoding C70 ...
... no UTF-8 mapping file for font encoding C70
Now handling font encoding C31 ...
... no UTF-8 mapping file for font encoding C31
Now handling font encoding C32 ...
... no UTF-8 mapping file for font encoding C32
Now handling font encoding C33 ...
... no UTF-8 mapping file for font encoding C33
Now handling font encoding C34 ...
... no UTF-8 mapping file for font encoding C34
Now handling font encoding C35 ...
... no UTF-8 mapping file for font encoding C35
Now handling font encoding C36 ...
... no UTF-8 mapping file for font encoding C36
Now handling font encoding C37 ...
... no UTF-8 mapping file for font encoding C37
Now handling font encoding C80 ...
... no UTF-8 mapping file for font encoding C80
Now handling font encoding C81 ...
... no UTF-8 mapping file for font encoding C81
Now handling font encoding C01 ...
... no UTF-8 mapping file for font encoding C01
Now handling font encoding C11 ...
... no UTF-8 mapping file for font encoding C11
Now handling font encoding C21 ...
... no UTF-8 mapping file for font encoding C21
Now handling font encoding C41 ...
... no UTF-8 mapping file for font encoding C41
Now handling font encoding C62 ...
... no UTF-8 mapping file for font encoding C62
)
\CJK@indent=\box52
) (c:/texlive/2023/texmf-dist/tex/latex/cjk/texinput/CJKutf8.sty
Package: CJKutf8 2021/10/16 4.8.5
 (c:/texlive/2023/texmf-dist/tex/latex/base/inputenc.sty
Package: inputenc 2021/02/14 v1.3d Input encoding file
\inpenc@prehook=\toks19
\inpenc@posthook=\toks20
) (c:/texlive/2023/texmf-dist/tex/latex/base/fontenc.sty
Package: fontenc 2021/04/29 v2.0v Standard LaTeX package
)) (c:/texlive/2023/texmf-dist/tex/latex/cjk/texinput/CJKspace.sty
Package: CJKspace 2021/10/16 3.8.0
) (c:/texlive/2023/texmf-dist/tex/latex/cjkpunct/CJKpunct.sty
Package: CJKpunct 2016/05/14 4.8.4
\CJKpunct@cnta=\count266
\CJKpunct@cntb=\count267
\CJKpunct@cntc=\count268
\CJKpunct@cntd=\count269
\CJKpunct@cnte=\count270
   defining Unicode char U+2018 (decimal 8216)
   defining Unicode char U+2019 (decimal 8217)
   defining Unicode char U+201C (decimal 8220)
   defining Unicode char U+201D (decimal 8221)
   defining Unicode char U+2014 (decimal 8212)
   defining Unicode char U+2026 (decimal 8230)
 (c:/texlive/2023/texmf-dist/tex/latex/cjkpunct/CJKpunct.spa)) (c:/texlive/2023/texmf-dist/tex/latex/etoolbox/etoolbox.sty
Package: etoolbox 2020/10/05 v2.5k e-TeX tools for LaTeX (JAW)
\etb@tempcnta=\count271
) (c:/texlive/2023/texmf-dist/tex/latex/cjk/texinput/UTF8/UTF8.bdg
File: UTF8.bdg 2021/10/16 4.8.5
))
\jsKanjiSkip=\skip54
\jsXKanjiSkip=\skip55
))
\bxjs@strong@level=\count272
 (c:/texlive/2023/texmf-dist/tex/latex/graphics/graphicx.sty
Package: graphicx 2021/09/16 v1.2d Enhanced LaTeX Graphics (DPC,SPQR)
 (c:/texlive/2023/texmf-dist/tex/latex/graphics/graphics.sty
Package: graphics 2022/03/10 v1.4e Standard LaTeX Graphics (DPC,SPQR)
 (c:/texlive/2023/texmf-dist/tex/latex/graphics/trig.sty
Package: trig 2021/08/11 v1.11 sin cos tan (DPC)
) (c:/texlive/2023/texmf-dist/tex/latex/graphics-cfg/graphics.cfg
File: graphics.cfg 2016/06/04 v1.11 sample graphics configuration
)
Package graphics Info: Driver file: pdftex.def on input line 107.
 (c:/texlive/2023/texmf-dist/tex/latex/graphics-def/pdftex.def
File: pdftex.def 2022/09/22 v1.2b Graphics/color driver for pdftex
))
\Gin@req@height=\dimen164
\Gin@req@width=\dimen165
) (c:/texlive/2023/texmf-dist/tex/latex/fancyvrb/fancyvrb.sty
Package: fancyvrb 2023/01/19 4.5a verbatim text (tvz,hv)
\FV@CodeLineNo=\count273
\FV@InFile=\read2
\FV@TabBox=\box53
\c@FancyVerbLine=\count274
\FV@StepNumber=\count275
\FV@OutFile=\write3
) (c:/texlive/2023/texmf-dist/tex/latex/l3backend/l3backend-pdftex.def
File: l3backend-pdftex.def 2023-01-16 L3 backend support: PDF output (pdfTeX)
\l__color_backend_stack_int=\count276
\l__pdf_internal_box=\box54
) (./rep copy.aux)
\openout1 = `"rep copy.aux"'.

LaTeX Font Info:    Checking defaults for OML/cmm/m/it on input line 38.
LaTeX Font Info:    ... okay on input line 38.
LaTeX Font Info:    Checking defaults for OMS/cmsy/m/n on input line 38.
LaTeX Font Info:    ... okay on input line 38.
LaTeX Font Info:    Checking defaults for OT1/cmr/m/n on input line 38.
LaTeX Font Info:    ... okay on input line 38.
LaTeX Font Info:    Checking defaults for T1/cmr/m/n on input line 38.
LaTeX Font Info:    ... okay on input line 38.
LaTeX Font Info:    Checking defaults for TS1/cmr/m/n on input line 38.
LaTeX Font Info:    ... okay on input line 38.
LaTeX Font Info:    Checking defaults for OMX/cmex/m/n on input line 38.
LaTeX Font Info:    ... okay on input line 38.
LaTeX Font Info:    Checking defaults for U/cmr/m/n on input line 38.
LaTeX Font Info:    ... okay on input line 38.
LaTeX Font Info:    Checking defaults for C00/song/m/n on input line 38.
LaTeX Font Info:    ... okay on input line 38.
LaTeX Font Info:    Checking defaults for C05/song/m/n on input line 38.
LaTeX Font Info:    ... okay on input line 38.
LaTeX Font Info:    Checking defaults for C09/song/m/n on input line 38.
LaTeX Font Info:    ... okay on input line 38.
LaTeX Font Info:    Checking defaults for C10/song/m/n on input line 38.
LaTeX Font Info:    ... okay on input line 38.
LaTeX Font Info:    Checking defaults for C20/song/m/n on input line 38.
LaTeX Font Info:    ... okay on input line 38.
LaTeX Font Info:    Checking defaults for C19/song/m/n on input line 38.
LaTeX Font Info:    ... okay on input line 38.
LaTeX Font Info:    Checking defaults for C40/song/m/n on input line 38.
LaTeX Font Info:    ... okay on input line 38.
LaTeX Font Info:    Checking defaults for C42/song/m/n on input line 38.
LaTeX Font Info:    ... okay on input line 38.
LaTeX Font Info:    Checking defaults for C43/song/m/n on input line 38.
LaTeX Font Info:    ... okay on input line 38.
LaTeX Font Info:    Checking defaults for C50/song/m/n on input line 38.
LaTeX Font Info:    ... okay on input line 38.
LaTeX Font Info:    Checking defaults for C52/song/m/n on input line 38.
LaTeX Font Info:    ... okay on input line 38.
LaTeX Font Info:    Checking defaults for C49/song/m/n on input line 38.
LaTeX Font Info:    ... okay on input line 38.
LaTeX Font Info:    Checking defaults for C60/mj/m/n on input line 38.
LaTeX Font Info:    ... okay on input line 38.
LaTeX Font Info:    Checking defaults for C61/mj/m/n on input line 38.
LaTeX Font Info:    ... okay on input line 38.
LaTeX Font Info:    Checking defaults for C63/mj/m/n on input line 38.
LaTeX Font Info:    ... okay on input line 38.
LaTeX Font Info:    Checking defaults for C64/mj/m/n on input line 38.
LaTeX Font Info:    ... okay on input line 38.
LaTeX Font Info:    Checking defaults for C65/mj/m/n on input line 38.
LaTeX Font Info:    ... okay on input line 38.
LaTeX Font Info:    Checking defaults for C70/song/m/n on input line 38.
LaTeX Font Info:    ... okay on input line 38.
LaTeX Font Info:    Checking defaults for C31/song/m/n on input line 38.
LaTeX Font Info:    ... okay on input line 38.
LaTeX Font Info:    Checking defaults for C32/song/m/n on input line 38.
LaTeX Font Info:    ... okay on input line 38.
LaTeX Font Info:    Checking defaults for C33/song/m/n on input line 38.
LaTeX Font Info:    ... okay on input line 38.
LaTeX Font Info:    Checking defaults for C34/song/m/n on input line 38.
LaTeX Font Info:    ... okay on input line 38.
LaTeX Font Info:    Checking defaults for C35/song/m/n on input line 38.
LaTeX Font Info:    ... okay on input line 38.
LaTeX Font Info:    Checking defaults for C36/song/m/n on input line 38.
LaTeX Font Info:    ... okay on input line 38.
LaTeX Font Info:    Checking defaults for C37/song/m/n on input line 38.
LaTeX Font Info:    ... okay on input line 38.
LaTeX Font Info:    Checking defaults for C80/song/m/n on input line 38.
LaTeX Font Info:    ... okay on input line 38.
LaTeX Font Info:    Checking defaults for C81/song/m/n on input line 38.
LaTeX Font Info:    ... okay on input line 38.
LaTeX Font Info:    Checking defaults for C01/song/m/n on input line 38.
LaTeX Font Info:    ... okay on input line 38.
LaTeX Font Info:    Checking defaults for C11/song/m/n on input line 38.
LaTeX Font Info:    ... okay on input line 38.
LaTeX Font Info:    Checking defaults for C21/song/m/n on input line 38.
LaTeX Font Info:    ... okay on input line 38.
LaTeX Font Info:    Checking defaults for C41/song/m/n on input line 38.
LaTeX Font Info:    ... okay on input line 38.
LaTeX Font Info:    Checking defaults for C62/song/m/n on input line 38.
LaTeX Font Info:    ... okay on input line 38.

*geometry* driver: auto-detecting
*geometry* detected driver: pdftex
*geometry* verbose mode - [ preamble ] result:
* driver: pdftex
* paper: custom
* layout: <same size as paper>
* layoutoffset:(h,v)=(0.0pt,0.0pt)
* modes: 
* h-part:(L,W,R)=(64.96059pt, 415.74806pt, 64.96059pt)
* v-part:(T,H,B)=(51.96848pt, 654.80318pt, 64.96059pt)
* \paperwidth=597.49146pt
* \paperheight=845.04272pt
* \textwidth=415.74806pt
* \textheight=654.80318pt
* \oddsidemargin=-7.3094pt
* \evensidemargin=-7.3094pt
* \topmargin=-20.30151pt
* \headheight=0.0pt
* \headsep=0.0pt
* \topskip=10.0pt
* \footskip=25.98424pt
* \marginparwidth=0.0pt
* \marginparsep=0.0pt
* \columnsep=18.49426pt
* \skip\footins=16.0pt plus 5.0pt minus 2.0pt
* \hoffset=6.27573pt
* \voffset=6.27573pt
* \mag=1095
* \@twocolumnfalse
* \@twosidefalse
* \@mparswitchfalse
* \@reversemarginfalse
* (1in=72.27pt=25.4mm, 1cm=28.453pt)

(c:/texlive/2023/texmf-dist/tex/latex/cjk/texinput/UTF8/UTF8.enc
File: UTF8.enc 2021/10/16 4.8.5
) (c:/texlive/2023/texmf-dist/tex/latex/cjk/texinput/UTF8/UTF8.chr
File: UTF8.chr 2021/10/16 4.8.5
) (c:/texlive/2023/texmf-dist/tex/context/base/mkii/supp-pdf.mkii
[Loading MPS to PDF converter (version 2006.09.02).]
\scratchcounter=\count277
\scratchdimen=\dimen166
\scratchbox=\box55
\nofMPsegments=\count278
\nofMParguments=\count279
\everyMPshowfont=\toks21
\MPscratchCnt=\count280
\MPscratchDim=\dimen167
\MPnumerator=\count281
\makeMPintoPDFobject=\count282
\everyMPtoPDFconversion=\toks22
) (c:/texlive/2023/texmf-dist/tex/latex/epstopdf-pkg/epstopdf-base.sty
Package: epstopdf-base 2020-01-24 v2.11 Base part for package epstopdf
Package epstopdf-base Info: Redefining graphics rule for `.eps' on input line 485.
 (c:/texlive/2023/texmf-dist/tex/latex/latexconfig/epstopdf-sys.cfg
File: epstopdf-sys.cfg 2010/07/13 v1.3 Configuration of (r)epstopdf for TeX Live
))
LaTeX Font Info:    Font shape `C70/mc/m/n' will be
(Font)              scaled to size 15.97903pt on input line 39.
LaTeX Font Info:    Font shape `C70/mc/m/n' will be
(Font)              scaled to size 15.97903pt on input line 39.
LaTeX Font Info:    Font shape `C70/mc/m/n' will be
(Font)              scaled to size 15.97903pt on input line 39.
LaTeX Font Info:    Font shape `C70/mc/m/n' will be
(Font)              scaled to size 15.97903pt on input line 39.
LaTeX Font Info:    Font shape `C70/mc/m/n' will be
(Font)              scaled to size 15.97903pt on input line 39.
LaTeX Font Info:    Font shape `C70/mc/m/n' will be
(Font)              scaled to size 15.97903pt on input line 39.
Package CJKpunct Info: punctuation spaces for family 'mc' do not exist. Use family 'def' instead. on input line 39.
LaTeX Font Info:    Font shape `C70/mc/m/n' will be
(Font)              scaled to size 15.97903pt on input line 39.
LaTeX Font Info:    Font shape `C70/mc/m/n' will be
(Font)              scaled to size 15.97903pt on input line 39.
LaTeX Font Info:    Font shape `C70/mc/m/n' will be
(Font)              scaled to size 11.09656pt on input line 39.
LaTeX Font Info:    Font shape `C70/mc/m/n' will be
(Font)              scaled to size 11.09656pt on input line 39.
LaTeX Font Info:    Font shape `C70/mc/m/n' will be
(Font)              scaled to size 11.09656pt on input line 39.
LaTeX Font Info:    Font shape `C70/mc/m/n' will be
(Font)              scaled to size 11.09656pt on input line 39.
LaTeX Font Info:    Font shape `C70/mc/m/n' will be
(Font)              scaled to size 11.09656pt on input line 39.
LaTeX Font Info:    Font shape `C70/mc/m/n' will be
(Font)              scaled to size 11.09656pt on input line 39.
LaTeX Font Info:    Font shape `C70/mc/m/n' will be
(Font)              scaled to size 11.09656pt on input line 39.
LaTeX Font Info:    Font shape `C70/mc/m/n' will be
(Font)              scaled to size 11.09656pt on input line 39.
LaTeX Font Info:    External font `cmex10' loaded for size
(Font)              <12> on input line 39.
LaTeX Font Info:    External font `cmex10' loaded for size
(Font)              <8> on input line 39.
LaTeX Font Info:    External font `cmex10' loaded for size
(Font)              <6> on input line 39.
LaTeX Font Info:    Font shape `C70/mc/m/n' will be
(Font)              scaled to size 11.09656pt on input line 39.
LaTeX Font Info:    Font shape `C70/mc/m/n' will be
(Font)              scaled to size 11.09656pt on input line 39.
LaTeX Font Info:    Font shape `C70/mc/m/n' will be
(Font)              scaled to size 11.09656pt on input line 39.
LaTeX Font Info:    Font shape `C70/mc/m/n' will be
(Font)              scaled to size 11.09656pt on input line 39.
LaTeX Font Info:    Font shape `C70/mc/m/n' will be
(Font)              scaled to size 11.09656pt on input line 39.
LaTeX Font Info:    Font shape `C70/mc/m/n' will be
(Font)              scaled to size 11.09656pt on input line 39.
LaTeX Font Info:    Font shape `C70/mc/m/n' will be
(Font)              scaled to size 11.09656pt on input line 39.
LaTeX Font Info:    Font shape `C70/mc/m/n' will be
(Font)              scaled to size 11.09656pt on input line 39.
LaTeX Font Info:    Font shape `C70/mc/m/n' will be
(Font)              scaled to size 11.09656pt on input line 39.
LaTeX Font Info:    Font shape `C70/mc/m/n' will be
(Font)              scaled to size 11.09656pt on input line 39.
LaTeX Font Info:    Font shape `C70/mc/m/n' will be
(Font)              scaled to size 11.09656pt on input line 39.
LaTeX Font Info:    Font shape `C70/mc/m/n' will be
(Font)              scaled to size 11.09656pt on input line 39.
LaTeX Font Info:    Font shape `C70/mc/m/n' will be
(Font)              scaled to size 11.09656pt on input line 39.
LaTeX Font Info:    Font shape `C70/mc/m/n' will be
(Font)              scaled to size 11.09656pt on input line 39.
LaTeX Font Info:    Font shape `C70/gt/m/n' will be
(Font)              scaled to size 13.31586pt on input line 51.
Package CJKpunct Info: punctuation spaces for family 'gt' do not exist. Use family 'def' instead. on input line 51.
LaTeX Font Info:    Font shape `C70/gt/m/n' will be
(Font)              scaled to size 13.31586pt on input line 51.
LaTeX Font Info:    Font shape `C70/gt/m/n' will be
(Font)              scaled to size 13.31586pt on input line 51.
LaTeX Font Info:    Font shape `C70/gt/m/n' will be
(Font)              scaled to size 13.31586pt on input line 51.
LaTeX Font Info:    Font shape `C70/gt/m/n' will be
(Font)              scaled to size 13.31586pt on input line 51.
LaTeX Font Info:    Font shape `C70/gt/m/n' will be
(Font)              scaled to size 13.31586pt on input line 51.
LaTeX Font Info:    Font shape `C70/gt/m/n' will be
(Font)              scaled to size 13.31586pt on input line 51.
LaTeX Font Info:    Font shape `C70/gt/m/n' will be
(Font)              scaled to size 13.31586pt on input line 51.
LaTeX Font Info:    Font shape `C70/gt/m/n' will be
(Font)              scaled to size 13.31586pt on input line 51.
LaTeX Font Info:    Font shape `C70/mc/m/n' will be
(Font)              scaled to size 9.24713pt on input line 52.
LaTeX Font Info:    Font shape `C70/mc/m/n' will be
(Font)              scaled to size 9.24713pt on input line 52.
LaTeX Font Info:    Font shape `C70/mc/m/n' will be
(Font)              scaled to size 9.24713pt on input line 52.
LaTeX Font Info:    Font shape `C70/mc/m/n' will be
(Font)              scaled to size 9.24713pt on input line 52.
LaTeX Font Info:    Font shape `C70/mc/m/n' will be
(Font)              scaled to size 9.24713pt on input line 52.
LaTeX Font Info:    Font shape `C70/mc/m/n' will be
(Font)              scaled to size 9.24713pt on input line 52.
LaTeX Font Info:    Font shape `C70/mc/m/n' will be
(Font)              scaled to size 9.24713pt on input line 52.
LaTeX Font Info:    Font shape `C70/mc/m/n' will be
(Font)              scaled to size 9.24713pt on input line 52.
LaTeX Font Info:    Font shape `C70/mc/m/n' will be
(Font)              scaled to size 9.24713pt on input line 53.
LaTeX Font Info:    Font shape `C70/mc/m/n' will be
(Font)              scaled to size 9.24713pt on input line 53.
LaTeX Font Info:    Font shape `C70/mc/m/n' will be
(Font)              scaled to size 9.24713pt on input line 53.
LaTeX Font Info:    Font shape `C70/mc/m/n' will be
(Font)              scaled to size 9.24713pt on input line 53.
LaTeX Font Info:    Font shape `C70/mc/m/n' will be
(Font)              scaled to size 9.24713pt on input line 53.
LaTeX Font Info:    Font shape `C70/mc/m/n' will be
(Font)              scaled to size 9.24713pt on input line 53.
LaTeX Font Info:    Font shape `C70/mc/m/n' will be
(Font)              scaled to size 9.24713pt on input line 53.
LaTeX Font Info:    Font shape `C70/mc/m/n' will be
(Font)              scaled to size 9.24713pt on input line 53.
LaTeX Font Info:    Font shape `C70/mc/m/n' will be
(Font)              scaled to size 9.24713pt on input line 53.
LaTeX Font Info:    Font shape `C70/mc/m/n' will be
(Font)              scaled to size 9.24713pt on input line 54.
LaTeX Font Info:    Font shape `C70/mc/m/n' will be
(Font)              scaled to size 9.24713pt on input line 54.
LaTeX Font Info:    Font shape `C70/mc/m/n' will be
(Font)              scaled to size 9.24713pt on input line 54.
LaTeX Font Info:    Font shape `C70/mc/m/n' will be
(Font)              scaled to size 9.24713pt on input line 55.
LaTeX Font Info:    Font shape `C70/mc/m/n' will be
(Font)              scaled to size 9.24713pt on input line 55.
LaTeX Font Info:    Font shape `C70/mc/m/n' will be
(Font)              scaled to size 9.24713pt on input line 55.
LaTeX Font Info:    Font shape `C70/mc/m/n' will be
(Font)              scaled to size 9.24713pt on input line 55.
LaTeX Font Info:    Font shape `C70/gt/m/n' will be
(Font)              scaled to size 11.09656pt on input line 57.
LaTeX Font Info:    Font shape `C70/gt/m/n' will be
(Font)              scaled to size 11.09656pt on input line 57.
LaTeX Font Info:    Font shape `C70/gt/m/n' will be
(Font)              scaled to size 11.09656pt on input line 57.
LaTeX Font Info:    Font shape `C70/gt/m/n' will be
(Font)              scaled to size 11.09656pt on input line 57.
LaTeX Font Info:    Font shape `C70/gt/m/n' will be
(Font)              scaled to size 11.09656pt on input line 57.
LaTeX Font Info:    Font shape `C70/gt/m/n' will be
(Font)              scaled to size 11.09656pt on input line 57.
LaTeX Font Info:    Font shape `C70/gt/m/n' will be
(Font)              scaled to size 11.09656pt on input line 57.
LaTeX Font Info:    Font shape `C70/mc/m/n' will be
(Font)              scaled to size 9.24713pt on input line 58.
LaTeX Font Info:    Font shape `C70/mc/m/n' will be
(Font)              scaled to size 9.24713pt on input line 59.
LaTeX Font Info:    Font shape `C70/mc/m/n' will be
(Font)              scaled to size 9.24713pt on input line 59.
LaTeX Font Info:    Font shape `C70/mc/m/n' will be
(Font)              scaled to size 9.24713pt on input line 59.
LaTeX Font Info:    Font shape `C70/mc/m/n' will be
(Font)              scaled to size 9.24713pt on input line 59.
LaTeX Font Info:    Font shape `C70/mc/m/n' will be
(Font)              scaled to size 9.24713pt on input line 61.
LaTeX Font Info:    Font shape `C70/mc/m/n' will be
(Font)              scaled to size 9.24713pt on input line 61.
LaTeX Font Info:    Font shape `C70/mc/m/n' will be
(Font)              scaled to size 9.24713pt on input line 61.
LaTeX Font Info:    Font shape `C70/mc/m/n' will be
(Font)              scaled to size 9.24713pt on input line 61.
LaTeX Font Info:    Font shape `C70/mc/m/n' will be
(Font)              scaled to size 9.24713pt on input line 61.
LaTeX Font Info:    Font shape `C70/mc/m/n' will be
(Font)              scaled to size 9.24713pt on input line 61.
LaTeX Font Info:    Font shape `C70/mc/m/n' will be
(Font)              scaled to size 9.24713pt on input line 62.
LaTeX Font Info:    Font shape `C70/mc/m/n' will be
(Font)              scaled to size 9.24713pt on input line 62.
LaTeX Font Info:    Font shape `C70/mc/m/n' will be
(Font)              scaled to size 9.24713pt on input line 64.
LaTeX Font Info:    Font shape `C70/mc/m/n' will be
(Font)              scaled to size 9.24713pt on input line 69.
LaTeX Font Info:    Font shape `C70/mc/m/n' will be
(Font)              scaled to size 9.24713pt on input line 70.
LaTeX Font Info:    Font shape `C70/mc/m/n' will be
(Font)              scaled to size 9.24713pt on input line 71.
LaTeX Font Info:    Font shape `C70/mc/m/n' will be
(Font)              scaled to size 9.24713pt on input line 71.
LaTeX Font Info:    Font shape `C70/mc/m/n' will be
(Font)              scaled to size 9.24713pt on input line 74.
LaTeX Font Info:    Font shape `C70/mc/m/n' will be
(Font)              scaled to size 9.24713pt on input line 74.
LaTeX Font Info:    Font shape `C70/mc/m/n' will be
(Font)              scaled to size 9.24713pt on input line 78.
LaTeX Font Info:    Font shape `C70/gt/m/n' will be
(Font)              scaled to size 9.24713pt on input line 81.
LaTeX Font Info:    Font shape `C70/gt/m/n' will be
(Font)              scaled to size 9.24713pt on input line 81.
LaTeX Font Info:    Font shape `C70/mc/m/n' will be
(Font)              scaled to size 9.24713pt on input line 85.
 [1

{c:/texlive/2023/texmf-var/fonts/map/pdftex/updmap/pdftex.map}{c:/texlive/2023/texmf-dist/fonts/enc/dvips/ipaex-type1/ipxt1-u60.enc}{c:/texlive/2023/texmf-dist/fonts/enc/dvips/ipaex-type1/ipxt1-u58.enc}{c:/texlive/2023/texmf-dist/fonts/enc/dvips/ipaex-type1/ipxt1-u5d.enc}{c:/texlive/2023/texmf-dist/fonts/enc/dvips/ipaex-type1/ipxt1-u5b.enc}{c:/texlive/2023/texmf-dist/fonts/enc/dvips/ipaex-type1/ipxt1-u9a.enc}{c:/texlive/2023/texmf-dist/fonts/enc/dvips/ipaex-type1/ipxt1-u30.enc}{c:/texlive/2023/texmf-dist/fonts/enc/dvips/ipaex-type1/ipxt1-u8a.enc}{c:/texlive/2023/texmf-dist/fonts/enc/dvips/ipaex-type1/ipxt1-u98.enc}{c:/texlive/2023/texmf-dist/fonts/enc/dvips/ipaex-type1/ipxt1-u52.enc}{c:/texlive/2023/texmf-dist/fonts/enc/dvips/ipaex-type1/ipxt1-u4f.enc}{c:/texlive/2023/texmf-dist/fonts/enc/dvips/ipaex-type1/ipxt1-u54.enc}{c:/texlive/2023/texmf-dist/fonts/enc/dvips/ipaex-type1/ipxt1-u7c.enc}{c:/texlive/2023/texmf-dist/fonts/enc/dvips/ipaex-type1/ipxt1-u7b.enc}{c:/texlive/2023/texmf-dist/fonts/enc/dvips/ipaex-type1/ipxt1-u74.enc}{c:/texlive/2023/texmf-dist/fonts/enc/dvips/ipaex-type1/ipxt1-u62.enc}{c:/texlive/2023/texmf-dist/fonts/enc/dvips/ipaex-type1/ipxt1-u6c.enc}{c:/texlive/2023/texmf-dist/fonts/enc/dvips/ipaex-type1/ipxt1-u5c.enc}{c:/texlive/2023/texmf-dist/fonts/enc/dvips/ipaex-type1/ipxt1-u4e.enc}{c:/texlive/2023/texmf-dist/fonts/enc/dvips/ipaex-type1/ipxt1-u75.enc}{c:/texlive/2023/texmf-dist/fonts/enc/dvips/ipaex-type1/ipxt1-u53.enc}{c:/texlive/2023/texmf-dist/fonts/enc/dvips/ipaex-type1/ipxt1-u51.enc}{c:/texlive/2023/texmf-dist/fonts/enc/dvips/ipaex-type1/ipxt1-u65.enc}{c:/texlive/2023/texmf-dist/fonts/enc/dvips/ipaex-type1/ipxt1-u5e.enc}{c:/texlive/2023/texmf-dist/fonts/enc/dvips/ipaex-type1/ipxt1-u67.enc}{c:/texlive/2023/texmf-dist/fonts/enc/dvips/ipaex-type1/ipxt1-u63.enc}{c:/texlive/2023/texmf-dist/fonts/enc/dvips/ipaex-type1/ipxt1-u7d.enc}{c:/texlive/2023/texmf-dist/fonts/enc/dvips/ipaex-type1/ipxt1-u69.enc}{c:/texlive/2023/texmf-dist/fonts/enc/dvips/ipaex-type1/ipxt1-u89.enc}{c:/texlive/2023/texmf-dist/fonts/enc/dvips/ipaex-type1/ipxt1-u91.enc}{c:/texlive/2023/texmf-dist/fonts/enc/dvips/ipaex-type1/ipxt1-uff.enc}{c:/texlive/2023/texmf-dist/fonts/enc/dvips/ipaex-type1/ipxt1-u90.enc}{c:/texlive/2023/texmf-dist/fonts/enc/dvips/ipaex-type1/ipxt1-u76.enc}{c:/texlive/2023/texmf-dist/fonts/enc/dvips/ipaex-type1/ipxt1-u88.enc}{c:/texlive/2023/texmf-dist/fonts/enc/dvips/ipaex-type1/ipxt1-u7a.enc}{c:/texlive/2023/texmf-dist/fonts/enc/dvips/ipaex-type1/ipxt1-u6a.enc}{c:/texlive/2023/texmf-dist/fonts/enc/dvips/ipaex-type1/ipxt1-u80.enc}{c:/texlive/2023/texmf-dist/fonts/enc/dvips/ipaex-type1/ipxt1-u6d.enc}{c:/texlive/2023/texmf-dist/fonts/enc/dvips/ipaex-type1/ipxt1-u5f.enc}{c:/texlive/2023/texmf-dist/fonts/enc/dvips/ipaex-type1/ipxt1-u78.enc}{c:/texlive/2023/texmf-dist/fonts/enc/dvips/ipaex-type1/ipxt1-u95.enc}{c:/texlive/2023/texmf-dist/fonts/enc/dvips/ipaex-type1/ipxt1-u59.enc}{c:/texlive/2023/texmf-dist/fonts/enc/dvips/ipaex-type1/ipxt1-u96.enc}{c:/texlive/2023/texmf-dist/fonts/enc/dvips/ipaex-type1/ipxt1-u7e.enc}{c:/texlive/2023/texmf-dist/fonts/enc/dvips/ipaex-type1/ipxt1-u8f.enc}{c:/texlive/2023/texmf-dist/fonts/enc/dvips/ipaex-type1/ipxt1-u6e.enc}{c:/texlive/2023/texmf-dist/fonts/enc/dvips/ipaex-type1/ipxt1-u66.enc}{c:/texlive/2023/texmf-dist/fonts/enc/dvips/ipaex-type1/ipxt1-u6b.enc}{c:/texlive/2023/texmf-dist/fonts/enc/dvips/ipaex-type1/ipxt1-u72.enc}{c:/texlive/2023/texmf-dist/fonts/enc/dvips/ipaex-type1/ipxt1-u61.enc}{c:/texlive/2023/texmf-dist/fonts/enc/dvips/ipaex-type1/ipxt1-u50.enc}{c:/texlive/2023/texmf-dist/fonts/enc/dvips/ipaex-type1/ipxt1-u79.enc}{c:/texlive/2023/texmf-dist/fonts/enc/dvips/ipaex-type1/ipxt1-u25.enc}]
LaTeX Font Info:    External font `cmex10' loaded for size
(Font)              <7> on input line 95.
LaTeX Font Info:    External font `cmex10' loaded for size
(Font)              <5> on input line 95.
LaTeX Font Info:    Font shape `C70/mc/m/n' will be
(Font)              scaled to size 9.24713pt on input line 95.
LaTeX Font Info:    Font shape `C70/mc/m/n' will be
(Font)              scaled to size 9.24713pt on input line 96.
LaTeX Font Info:    Font shape `C70/mc/m/n' will be
(Font)              scaled to size 9.24713pt on input line 113.
LaTeX Font Info:    Font shape `C70/mc/m/n' will be
(Font)              scaled to size 9.24713pt on input line 114.
LaTeX Font Info:    Font shape `C70/gt/m/n' will be
(Font)              scaled to size 11.09656pt on input line 128.
LaTeX Font Info:    Font shape `C70/gt/m/n' will be
(Font)              scaled to size 11.09656pt on input line 128.
LaTeX Font Info:    Font shape `C70/gt/m/n' will be
(Font)              scaled to size 11.09656pt on input line 128.
LaTeX Font Info:    Font shape `C70/gt/m/n' will be
(Font)              scaled to size 11.09656pt on input line 128.
LaTeX Font Info:    Font shape `C70/gt/m/n' will be
(Font)              scaled to size 11.09656pt on input line 128.
LaTeX Font Info:    Font shape `C70/mc/m/n' will be
(Font)              scaled to size 9.24713pt on input line 138.
LaTeX Font Info:    Font shape `C70/mc/m/n' will be
(Font)              scaled to size 9.24713pt on input line 139.
LaTeX Font Info:    Font shape `C70/mc/m/n' will be
(Font)              scaled to size 9.24713pt on input line 143.
 [2{c:/texlive/2023/texmf-dist/fonts/enc/dvips/ipaex-type1/ipxt1-u93.enc}{c:/texlive/2023/texmf-dist/fonts/enc/dvips/cm-super/cm-super-ts1.enc}{c:/texlive/2023/texmf-dist/fonts/enc/dvips/ipaex-type1/ipxt1-u8c.enc}{c:/texlive/2023/texmf-dist/fonts/enc/dvips/ipaex-type1/ipxt1-u81.enc}{c:/texlive/2023/texmf-dist/fonts/enc/dvips/ipaex-type1/ipxt1-u73.enc}]
LaTeX Font Info:    Font shape `C70/gt/m/n' will be
(Font)              scaled to size 9.24713pt on input line 151.
LaTeX Font Info:    Font shape `C70/gt/m/n' will be
(Font)              scaled to size 9.24713pt on input line 151.
LaTeX Font Info:    Font shape `C70/gt/m/n' will be
(Font)              scaled to size 9.24713pt on input line 151.
LaTeX Font Info:    Font shape `C70/gt/m/n' will be
(Font)              scaled to size 9.24713pt on input line 151.
LaTeX Font Info:    Font shape `C70/gt/m/n' will be
(Font)              scaled to size 9.24713pt on input line 151.
LaTeX Font Info:    Font shape `C70/gt/m/n' will be
(Font)              scaled to size 9.24713pt on input line 151.
LaTeX Font Info:    Font shape `C70/gt/m/n' will be
(Font)              scaled to size 9.24713pt on input line 151.
LaTeX Font Info:    Font shape `C70/gt/m/n' will be
(Font)              scaled to size 9.24713pt on input line 151.
LaTeX Font Info:    Font shape `C70/gt/m/n' will be
(Font)              scaled to size 9.24713pt on input line 151.
LaTeX Font Info:    Font shape `C70/gt/m/n' will be
(Font)              scaled to size 9.24713pt on input line 151.
LaTeX Font Info:    Font shape `C70/gt/m/n' will be
(Font)              scaled to size 9.24713pt on input line 151.
LaTeX Font Info:    Font shape `C70/gt/m/n' will be
(Font)              scaled to size 9.24713pt on input line 151.
LaTeX Font Info:    Font shape `C70/gt/m/n' will be
(Font)              scaled to size 9.24713pt on input line 155.
LaTeX Font Info:    Font shape `C70/gt/m/n' will be
(Font)              scaled to size 9.24713pt on input line 155.
LaTeX Font Info:    Font shape `C70/gt/m/n' will be
(Font)              scaled to size 9.24713pt on input line 155.
LaTeX Font Info:    Font shape `C70/gt/m/n' will be
(Font)              scaled to size 9.24713pt on input line 155.
LaTeX Font Info:    Font shape `C70/gt/m/n' will be
(Font)              scaled to size 9.24713pt on input line 155.
LaTeX Font Info:    Font shape `C70/gt/m/n' will be
(Font)              scaled to size 9.24713pt on input line 155.
LaTeX Font Info:    Font shape `C70/gt/m/n' will be
(Font)              scaled to size 9.24713pt on input line 157.
LaTeX Font Info:    Font shape `C70/gt/m/n' will be
(Font)              scaled to size 9.24713pt on input line 157.
LaTeX Font Info:    Font shape `C70/gt/m/n' will be
(Font)              scaled to size 9.24713pt on input line 157.
LaTeX Font Info:    Font shape `C70/gt/m/n' will be
(Font)              scaled to size 9.24713pt on input line 157.
LaTeX Font Info:    Font shape `C70/gt/m/n' will be
(Font)              scaled to size 9.24713pt on input line 157.
LaTeX Font Info:    Font shape `C70/gt/m/n' will be
(Font)              scaled to size 13.31586pt on input line 161.
LaTeX Font Info:    Font shape `C70/gt/m/n' will be
(Font)              scaled to size 13.31586pt on input line 161.
LaTeX Font Info:    Font shape `C70/gt/m/n' will be
(Font)              scaled to size 13.31586pt on input line 168.
LaTeX Font Info:    Font shape `C70/gt/m/n' will be
(Font)              scaled to size 13.31586pt on input line 168.
LaTeX Font Info:    Font shape `C70/gt/m/n' will be
(Font)              scaled to size 11.09656pt on input line 170.
LaTeX Font Info:    Font shape `C70/gt/m/n' will be
(Font)              scaled to size 11.09656pt on input line 170.
LaTeX Font Info:    Font shape `C70/gt/m/n' will be
(Font)              scaled to size 11.09656pt on input line 170.
LaTeX Font Info:    Font shape `C70/gt/m/n' will be
(Font)              scaled to size 11.09656pt on input line 170.
LaTeX Font Info:    Font shape `C70/gt/m/n' will be
(Font)              scaled to size 11.09656pt on input line 172.
LaTeX Font Info:    Font shape `C70/gt/m/n' will be
(Font)              scaled to size 11.09656pt on input line 172.
LaTeX Font Info:    Font shape `C70/gt/m/n' will be
(Font)              scaled to size 13.31586pt on input line 175.
LaTeX Font Info:    Font shape `C70/gt/m/n' will be
(Font)              scaled to size 13.31586pt on input line 175.
LaTeX Font Info:    Font shape `C70/gt/m/n' will be
(Font)              scaled to size 13.31586pt on input line 175.
LaTeX Font Info:    Font shape `C70/gt/m/n' will be
(Font)              scaled to size 13.31586pt on input line 175.
LaTeX Font Info:    Font shape `C70/gt/m/n' will be
(Font)              scaled to size 13.31586pt on input line 175.
LaTeX Font Info:    Font shape `C70/gt/m/n' will be
(Font)              scaled to size 13.31586pt on input line 179.
LaTeX Font Info:    Font shape `C70/gt/m/n' will be
(Font)              scaled to size 13.31586pt on input line 179.
LaTeX Font Info:    Font shape `C70/gt/m/n' will be
(Font)              scaled to size 13.31586pt on input line 179.
 [3] (./rep copy.aux) ) 
Here is how much of TeX's memory you used:
 7062 strings out of 476025
 109384 string characters out of 5794015
 1883382 words of memory out of 5000000
 27109 multiletter control sequences out of 15000+600000
 555929 words of font info for 195 fonts, out of 8000000 for 9000
 1146 hyphenation exceptions out of 8191
 87i,6n,85p,280b,366s stack positions out of 10000i,1000n,20000p,200000b,200000s
<c:/texlive/2023/texmf-dist/fonts/type1/public/amsfonts/cm/cmr10.pfb><c:/texlive/2023/texmf-dist/fonts/type1/public/amsfonts/cm/cmr12.pfb><c:/texlive/2023/texmf-dist/fonts/type1/public/amsfonts/cm/cmr17.pfb><c:/texlive/2023/texmf-dist/fonts/type1/public/amsfonts/cm/cmss10.pfb><c:/texlive/2023/texmf-dist/fonts/type1/public/amsfonts/cm/cmss12.pfb><c:/texlive/2023/texmf-dist/fonts/type1/public/amsfonts/cm/cmtt10.pfb><c:/texlive/2023/texmf-dist/fonts/type1/public/ipaex-type1/ipxg-r-u25.pfb><c:/texlive/2023/texmf-dist/fonts/type1/public/ipaex-type1/ipxg-r-u30.pfb><c:/texlive/2023/texmf-dist/fonts/type1/public/ipaex-type1/ipxg-r-u4e.pfb><c:/texlive/2023/texmf-dist/fonts/type1/public/ipaex-type1/ipxg-r-u4f.pfb><c:/texlive/2023/texmf-dist/fonts/type1/public/ipaex-type1/ipxg-r-u50.pfb><c:/texlive/2023/texmf-dist/fonts/type1/public/ipaex-type1/ipxg-r-u51.pfb><c:/texlive/2023/texmf-dist/fonts/type1/public/ipaex-type1/ipxg-r-u52.pfb><c:/texlive/2023/texmf-dist/fonts/type1/public/ipaex-type1/ipxg-r-u53.pfb><c:/texlive/2023/texmf-dist/fonts/type1/public/ipaex-type1/ipxg-r-u59.pfb><c:/texlive/2023/texmf-dist/fonts/type1/public/ipaex-type1/ipxg-r-u5b.pfb><c:/texlive/2023/texmf-dist/fonts/type1/public/ipaex-type1/ipxg-r-u5c.pfb><c:/texlive/2023/texmf-dist/fonts/type1/public/ipaex-type1/ipxg-r-u5e.pfb><c:/texlive/2023/texmf-dist/fonts/type1/public/ipaex-type1/ipxg-r-u5f.pfb><c:/texlive/2023/texmf-dist/fonts/type1/public/ipaex-type1/ipxg-r-u62.pfb><c:/texlive/2023/texmf-dist/fonts/type1/public/ipaex-type1/ipxg-r-u65.pfb><c:/texlive/2023/texmf-dist/fonts/type1/public/ipaex-type1/ipxg-r-u66.pfb><c:/texlive/2023/texmf-dist/fonts/type1/public/ipaex-type1/ipxg-r-u67.pfb><c:/texlive/2023/texmf-dist/fonts/type1/public/ipaex-type1/ipxg-r-u69.pfb><c:/texlive/2023/texmf-dist/fonts/type1/public/ipaex-type1/ipxg-r-u6a.pfb><c:/texlive/2023/texmf-dist/fonts/type1/public/ipaex-type1/ipxg-r-u6b.pfb><c:/texlive/2023/texmf-dist/fonts/type1/public/ipaex-type1/ipxg-r-u6c.pfb><c:/texlive/2023/texmf-dist/fonts/type1/public/ipaex-type1/ipxg-r-u6d.pfb><c:/texlive/2023/texmf-dist/fonts/type1/public/ipaex-type1/ipxg-r-u74.pfb><c:/texlive/2023/texmf-dist/fonts/type1/public/ipaex-type1/ipxg-r-u75.pfb><c:/texlive/2023/texmf-dist/fonts/type1/public/ipaex-type1/ipxg-r-u76.pfb><c:/texlive/2023/texmf-dist/fonts/type1/public/ipaex-type1/ipxg-r-u7a.pfb><c:/texlive/2023/texmf-dist/fonts/type1/public/ipaex-type1/ipxg-r-u7d.pfb><c:/texlive/2023/texmf-dist/fonts/type1/public/ipaex-type1/ipxg-r-u80.pfb><c:/texlive/2023/texmf-dist/fonts/type1/public/ipaex-type1/ipxg-r-u89.pfb><c:/texlive/2023/texmf-dist/fonts/type1/public/ipaex-type1/ipxg-r-u8a.pfb><c:/texlive/2023/texmf-dist/fonts/type1/public/ipaex-type1/ipxg-r-u90.pfb><c:/texlive/2023/texmf-dist/fonts/type1/public/ipaex-type1/ipxg-r-u91.pfb><c:/texlive/2023/texmf-dist/fonts/type1/public/ipaex-type1/ipxg-r-u93.pfb><c:/texlive/2023/texmf-dist/fonts/type1/public/ipaex-type1/ipxg-r-u95.pfb><c:/texlive/2023/texmf-dist/fonts/type1/public/ipaex-type1/ipxg-r-u98.pfb><c:/texlive/2023/texmf-dist/fonts/type1/public/ipaex-type1/ipxm-r-u30.pfb><c:/texlive/2023/texmf-dist/fonts/type1/public/ipaex-type1/ipxm-r-u4e.pfb><c:/texlive/2023/texmf-dist/fonts/type1/public/ipaex-type1/ipxm-r-u4f.pfb><c:/texlive/2023/texmf-dist/fonts/type1/public/ipaex-type1/ipxm-r-u50.pfb><c:/texlive/2023/texmf-dist/fonts/type1/public/ipaex-type1/ipxm-r-u51.pfb><c:/texlive/2023/texmf-dist/fonts/type1/public/ipaex-type1/ipxm-r-u52.pfb><c:/texlive/2023/texmf-dist/fonts/type1/public/ipaex-type1/ipxm-r-u53.pfb><c:/texlive/2023/texmf-dist/fonts/type1/public/ipaex-type1/ipxm-r-u54.pfb><c:/texlive/2023/texmf-dist/fonts/type1/public/ipaex-type1/ipxm-r-u58.pfb><c:/texlive/2023/texmf-dist/fonts/type1/public/ipaex-type1/ipxm-r-u59.pfb><c:/texlive/2023/texmf-dist/fonts/type1/public/ipaex-type1/ipxm-r-u5b.pfb><c:/texlive/2023/texmf-dist/fonts/type1/public/ipaex-type1/ipxm-r-u5c.pfb><c:/texlive/2023/texmf-dist/fonts/type1/public/ipaex-type1/ipxm-r-u5d.pfb><c:/texlive/2023/texmf-dist/fonts/type1/public/ipaex-type1/ipxm-r-u5e.pfb><c:/texlive/2023/texmf-dist/fonts/type1/public/ipaex-type1/ipxm-r-u5f.pfb><c:/texlive/2023/texmf-dist/fonts/type1/public/ipaex-type1/ipxm-r-u60.pfb><c:/texlive/2023/texmf-dist/fonts/type1/public/ipaex-type1/ipxm-r-u61.pfb><c:/texlive/2023/texmf-dist/fonts/type1/public/ipaex-type1/ipxm-r-u62.pfb><c:/texlive/2023/texmf-dist/fonts/type1/public/ipaex-type1/ipxm-r-u63.pfb><c:/texlive/2023/texmf-dist/fonts/type1/public/ipaex-type1/ipxm-r-u65.pfb><c:/texlive/2023/texmf-dist/fonts/type1/public/ipaex-type1/ipxm-r-u66.pfb><c:/texlive/2023/texmf-dist/fonts/type1/public/ipaex-type1/ipxm-r-u67.pfb><c:/texlive/2023/texmf-dist/fonts/type1/public/ipaex-type1/ipxm-r-u69.pfb><c:/texlive/2023/texmf-dist/fonts/type1/public/ipaex-type1/ipxm-r-u6a.pfb><c:/texlive/2023/texmf-dist/fonts/type1/public/ipaex-type1/ipxm-r-u6b.pfb><c:/texlive/2023/texmf-dist/fonts/type1/public/ipaex-type1/ipxm-r-u6c.pfb><c:/texlive/2023/texmf-dist/fonts/type1/public/ipaex-type1/ipxm-r-u6d.pfb><c:/texlive/2023/texmf-dist/fonts/type1/public/ipaex-type1/ipxm-r-u6e.pfb><c:/texlive/2023/texmf-dist/fonts/type1/public/ipaex-type1/ipxm-r-u72.pfb><c:/texlive/2023/texmf-dist/fonts/type1/public/ipaex-type1/ipxm-r-u73.pfb><c:/texlive/2023/texmf-dist/fonts/type1/public/ipaex-type1/ipxm-r-u74.pfb><c:/texlive/2023/texmf-dist/fonts/type1/public/ipaex-type1/ipxm-r-u75.pfb><c:/texlive/2023/texmf-dist/fonts/type1/public/ipaex-type1/ipxm-r-u76.pfb><c:/texlive/2023/texmf-dist/fonts/type1/public/ipaex-type1/ipxm-r-u78.pfb><c:/texlive/2023/texmf-dist/fonts/type1/public/ipaex-type1/ipxm-r-u79.pfb><c:/texlive/2023/texmf-dist/fonts/type1/public/ipaex-type1/ipxm-r-u7a.pfb><c:/texlive/2023/texmf-dist/fonts/type1/public/ipaex-type1/ipxm-r-u7b.pfb><c:/texlive/2023/texmf-dist/fonts/type1/public/ipaex-type1/ipxm-r-u7c.pfb><c:/texlive/2023/texmf-dist/fonts/type1/public/ipaex-type1/ipxm-r-u7d.pfb><c:/texlive/2023/texmf-dist/fonts/type1/public/ipaex-type1/ipxm-r-u7e.pfb><c:/texlive/2023/texmf-dist/fonts/type1/public/ipaex-type1/ipxm-r-u80.pfb><c:/texlive/2023/texmf-dist/fonts/type1/public/ipaex-type1/ipxm-r-u81.pfb><c:/texlive/2023/texmf-dist/fonts/type1/public/ipaex-type1/ipxm-r-u88.pfb><c:/texlive/2023/texmf-dist/fonts/type1/public/ipaex-type1/ipxm-r-u89.pfb><c:/texlive/2023/texmf-dist/fonts/type1/public/ipaex-type1/ipxm-r-u8a.pfb><c:/texlive/2023/texmf-dist/fonts/type1/public/ipaex-type1/ipxm-r-u8c.pfb><c:/texlive/2023/texmf-dist/fonts/type1/public/ipaex-type1/ipxm-r-u8f.pfb><c:/texlive/2023/texmf-dist/fonts/type1/public/ipaex-type1/ipxm-r-u90.pfb><c:/texlive/2023/texmf-dist/fonts/type1/public/ipaex-type1/ipxm-r-u91.pfb><c:/texlive/2023/texmf-dist/fonts/type1/public/ipaex-type1/ipxm-r-u93.pfb><c:/texlive/2023/texmf-dist/fonts/type1/public/ipaex-type1/ipxm-r-u95.pfb><c:/texlive/2023/texmf-dist/fonts/type1/public/ipaex-type1/ipxm-r-u96.pfb><c:/texlive/2023/texmf-dist/fonts/type1/public/ipaex-type1/ipxm-r-u98.pfb><c:/texlive/2023/texmf-dist/fonts/type1/public/ipaex-type1/ipxm-r-u9a.pfb><c:/texlive/2023/texmf-dist/fonts/type1/public/ipaex-type1/ipxm-r-uff.pfb><c:/texlive/2023/texmf-dist/fonts/type1/public/cm-super/sfrm1000.pfb>
Output written on "rep copy.pdf" (3 pages, 686183 bytes).
PDF statistics:
 615 PDF objects out of 1000 (max. 8388607)
 356 compressed objects within 4 object streams
 0 named destinations out of 1000 (max. 500000)
 225 words of extra memory for PDF output out of 10000 (max. 10000000)

